This is pdfTeX, Version 3.1415926-2.5-1.40.14 (TeX Live 2013) (format=pdflatex 2016.6.16)  17 JUN 2016 17:19
entering extended mode
 restricted \write18 enabled.
 %&-line parsing enabled.
**РћС‚С‡РµС‚.tex
(./РћС‚С‡РµС‚.tex
LaTeX2e <2011/06/27>
Babel <v3.8m> and hyphenation patterns for english, dumylang, nohyphenation, uk
rainian, russian, bulgarian, loaded.
(/usr/share/texlive/texmf-dist/tex/latex/base/article.cls
Document Class: article 2007/10/19 v1.4h Standard LaTeX document class
(/usr/share/texlive/texmf-dist/tex/latex/base/size10.clo
File: size10.clo 2007/10/19 v1.4h Standard LaTeX file (size option)
)
\c@part=\count79
\c@section=\count80
\c@subsection=\count81
\c@subsubsection=\count82
\c@paragraph=\count83
\c@subparagraph=\count84
\c@figure=\count85
\c@table=\count86
\abovecaptionskip=\skip41
\belowcaptionskip=\skip42
\bibindent=\dimen102
)
(/usr/share/texlive/texmf-dist/tex/generic/babel/babel.sty
Package: babel 2008/07/08 v3.8m The Babel package

(/usr/share/texlive/texmf-dist/tex/generic/babel/russianb.ldf
Language: russianb 2008/03/21 v1.1r Russian support from the babel system

(/usr/share/texlive/texmf-dist/tex/generic/babel/babel.def
File: babel.def 2008/07/08 v3.8m Babel common definitions
\babel@savecnt=\count87
\U@D=\dimen103
)
(/usr/share/texlive/texmf-dist/tex/latex/cyrillic/t2aenc.def
File: t2aenc.def 2005/09/27 v1.0i Cyrillic encoding definition file
)

Package babel Warning: No input encoding specified for Russian language on inpu
t line 136.

Package babel Info: Making " an active character on input line 199.
)) (/usr/share/texlive/texmf-dist/tex/latex/base/inputenc.sty
Package: inputenc 2008/03/30 v1.1d Input encoding file
\inpenc@prehook=\toks14
\inpenc@posthook=\toks15

(/usr/share/texlive/texmf-dist/tex/latex/ucs/utf8x.def
File: utf8x.def 2004/10/17 UCS: Input encoding UTF-8
))
(/usr/share/texlive/texmf-dist/tex/latex/ucs/ucs.sty
Package: ucs 2004/10/17 UCS: Unicode input support

(/usr/share/texlive/texmf-dist/tex/latex/ucs/data/uni-global.def
File: uni-global.def 2012/08/28 UCS: Unicode global data
)
\uc@secondtry=\count88
\uc@combtoks=\toks16
\uc@combtoksb=\toks17
\uc@temptokena=\toks18
)
(/usr/share/texlive/texmf-dist/tex/latex/graphics/graphicx.sty
Package: graphicx 1999/02/16 v1.0f Enhanced LaTeX Graphics (DPC,SPQR)

(/usr/share/texlive/texmf-dist/tex/latex/graphics/keyval.sty
Package: keyval 1999/03/16 v1.13 key=value parser (DPC)
\KV@toks@=\toks19
)
(/usr/share/texlive/texmf-dist/tex/latex/graphics/graphics.sty
Package: graphics 2009/02/05 v1.0o Standard LaTeX Graphics (DPC,SPQR)

(/usr/share/texlive/texmf-dist/tex/latex/graphics/trig.sty
Package: trig 1999/03/16 v1.09 sin cos tan (DPC)
)
(/usr/share/texlive/texmf-dist/tex/latex/latexconfig/graphics.cfg
File: graphics.cfg 2010/04/23 v1.9 graphics configuration of TeX Live
)
Package graphics Info: Driver file: pdftex.def on input line 91.

(/usr/share/texlive/texmf-dist/tex/latex/pdftex-def/pdftex.def
File: pdftex.def 2011/05/27 v0.06d Graphics/color for pdfTeX

(/usr/share/texlive/texmf-dist/tex/generic/oberdiek/infwarerr.sty
Package: infwarerr 2010/04/08 v1.3 Providing info/warning/error messages (HO)
)
(/usr/share/texlive/texmf-dist/tex/generic/oberdiek/ltxcmds.sty
Package: ltxcmds 2011/11/09 v1.22 LaTeX kernel commands for general use (HO)
)
\Gread@gobject=\count89
))
\Gin@req@height=\dimen104
\Gin@req@width=\dimen105
)
(/usr/share/texlive/texmf-dist/tex/latex/float/float.sty
Package: float 2001/11/08 v1.3d Float enhancements (AL)
\c@float@type=\count90
\float@exts=\toks20
\float@box=\box26
\@float@everytoks=\toks21
\@floatcapt=\box27
)
(/usr/share/texlive/texmf-dist/tex/latex/fancyhdr/fancyhdr.sty
\fancy@headwidth=\skip43
\f@ncyO@elh=\skip44
\f@ncyO@erh=\skip45
\f@ncyO@olh=\skip46
\f@ncyO@orh=\skip47
\f@ncyO@elf=\skip48
\f@ncyO@erf=\skip49
\f@ncyO@olf=\skip50
\f@ncyO@orf=\skip51
)
(./РћС‚С‡РµС‚.aux
LaTeX Font Info:    Try loading font information for T2A+cmr on input line 3.
 (/usr/share/texlive/texmf-dist/tex/latex/cyrillic/t2acmr.fd
File: t2acmr.fd 2001/08/11 v1.0a Computer Modern Cyrillic font definitions
))
\openout1 = `РћС‚С‡РµС‚.aux'.

LaTeX Font Info:    Checking defaults for OML/cmm/m/it on input line 18.
LaTeX Font Info:    ... okay on input line 18.
LaTeX Font Info:    Checking defaults for T1/cmr/m/n on input line 18.
LaTeX Font Info:    ... okay on input line 18.
LaTeX Font Info:    Checking defaults for OT1/cmr/m/n on input line 18.
LaTeX Font Info:    ... okay on input line 18.
LaTeX Font Info:    Checking defaults for OMS/cmsy/m/n on input line 18.
LaTeX Font Info:    ... okay on input line 18.
LaTeX Font Info:    Checking defaults for OMX/cmex/m/n on input line 18.
LaTeX Font Info:    ... okay on input line 18.
LaTeX Font Info:    Checking defaults for U/cmr/m/n on input line 18.
LaTeX Font Info:    ... okay on input line 18.
LaTeX Font Info:    Checking defaults for T2A/cmr/m/n on input line 18.
LaTeX Font Info:    ... okay on input line 18.
(/usr/share/texlive/texmf-dist/tex/latex/ucs/ucsencs.def
File: ucsencs.def 2011/01/21 Fixes to fontencodings LGR, T3
)
(/usr/share/texlive/texmf-dist/tex/context/base/supp-pdf.mkii
[Loading MPS to PDF converter (version 2006.09.02).]
\scratchcounter=\count91
\scratchdimen=\dimen106
\scratchbox=\box28
\nofMPsegments=\count92
\nofMParguments=\count93
\everyMPshowfont=\toks22
\MPscratchCnt=\count94
\MPscratchDim=\dimen107
\MPnumerator=\count95
\makeMPintoPDFobject=\count96
\everyMPtoPDFconversion=\toks23
) (/usr/share/texlive/texmf-dist/tex/generic/oberdiek/pdftexcmds.sty
Package: pdftexcmds 2011/11/29 v0.20 Utility functions of pdfTeX for LuaTeX (HO
)

(/usr/share/texlive/texmf-dist/tex/generic/oberdiek/ifluatex.sty
Package: ifluatex 2010/03/01 v1.3 Provides the ifluatex switch (HO)
Package ifluatex Info: LuaTeX not detected.
)
(/usr/share/texlive/texmf-dist/tex/generic/oberdiek/ifpdf.sty
Package: ifpdf 2011/01/30 v2.3 Provides the ifpdf switch (HO)
Package ifpdf Info: pdfTeX in PDF mode is detected.
)
Package pdftexcmds Info: LuaTeX not detected.
Package pdftexcmds Info: \pdf@primitive is available.
Package pdftexcmds Info: \pdf@ifprimitive is available.
Package pdftexcmds Info: \pdfdraftmode found.
)
(/usr/share/texlive/texmf-dist/tex/latex/oberdiek/epstopdf-base.sty
Package: epstopdf-base 2010/02/09 v2.5 Base part for package epstopdf

(/usr/share/texlive/texmf-dist/tex/latex/oberdiek/grfext.sty
Package: grfext 2010/08/19 v1.1 Manage graphics extensions (HO)

(/usr/share/texlive/texmf-dist/tex/generic/oberdiek/kvdefinekeys.sty
Package: kvdefinekeys 2011/04/07 v1.3 Define keys (HO)
))
(/usr/share/texlive/texmf-dist/tex/latex/oberdiek/kvoptions.sty
Package: kvoptions 2011/06/30 v3.11 Key value format for package options (HO)

(/usr/share/texlive/texmf-dist/tex/generic/oberdiek/kvsetkeys.sty
Package: kvsetkeys 2012/04/25 v1.16 Key value parser (HO)

(/usr/share/texlive/texmf-dist/tex/generic/oberdiek/etexcmds.sty
Package: etexcmds 2011/02/16 v1.5 Avoid name clashes with e-TeX commands (HO)
Package etexcmds Info: Could not find \expanded.
(etexcmds)             That can mean that you are not using pdfTeX 1.50 or
(etexcmds)             that some package has redefined \expanded.
(etexcmds)             In the latter case, load this package earlier.
)))
Package grfext Info: Graphics extension search list:
(grfext)             [.png,.pdf,.jpg,.mps,.jpeg,.jbig2,.jb2,.PNG,.PDF,.JPG,.JPE
G,.JBIG2,.JB2,.eps]
(grfext)             \AppendGraphicsExtensions on input line 452.

(/usr/share/texlive/texmf-dist/tex/latex/latexconfig/epstopdf-sys.cfg
File: epstopdf-sys.cfg 2010/07/13 v1.3 Configuration of (r)epstopdf for TeX Liv
e
))
(/usr/share/texlive/texmf-dist/tex/latex/ucs/data/uni-4.def
File: uni-4.def 2012/08/28 UCS: Unicode data U+0400..U+04FF
)
(/usr/share/texlive/texmf-dist/tex/latex/ucs/data/uni-33.def
File: uni-33.def 2012/08/28 UCS: Unicode data U+2100..U+21FF
)
Package epstopdf Info: Source file: <web_logo.eps>
(epstopdf)                    date: 2016-06-17 12:05:10
(epstopdf)                    size: 94027 bytes
(epstopdf)             Output file: <web_logo-eps-converted-to.pdf>
(epstopdf)                    date: 2016-06-17 12:05:17
(epstopdf)                    size: 33714 bytes
(epstopdf)             Command: <repstopdf --outfile=web_logo-eps-converted-to.
pdf web_logo.eps>
(epstopdf)             \includegraphics on input line 24.
Package epstopdf Info: Output file is already uptodate.

<web_logo-eps-converted-to.pdf, id=1, 201.75375pt x 201.75375pt>
File: web_logo-eps-converted-to.pdf Graphic file (type pdf)

<use web_logo-eps-converted-to.pdf>
Package pdftex.def Info: web_logo-eps-converted-to.pdf used on input line 24.
(pdftex.def)             Requested size: 172.5pt x 172.50124pt.
LaTeX Font Info:    External font `cmex10' loaded for size
(Font)              <14.4> on input line 27.
LaTeX Font Info:    External font `cmex10' loaded for size
(Font)              <7> on input line 27.
 [1

{/usr/share/texlive/texmf/fonts/map/pdftex/updmap/pdftex.map} <./web_logo-eps-c
onverted-to.pdf>]
LaTeX Font Info:    Try loading font information for OMS+cmr on input line 40.

(/usr/share/texlive/texmf-dist/tex/latex/base/omscmr.fd
File: omscmr.fd 1999/05/25 v2.5h Standard LaTeX font definitions
)
LaTeX Font Info:    Font shape `OMS/cmr/m/n' in size <10> not available
(Font)              Font shape `OMS/cmsy/m/n' tried instead on input line 40.
LaTeX Font Info:    External font `cmex10' loaded for size
(Font)              <5> on input line 61.
Package epstopdf Info: Source file: <first_page.eps>
(epstopdf)                    date: 2016-06-17 13:13:26
(epstopdf)                    size: 712694 bytes
(epstopdf)             Output file: <first_page-eps-converted-to.pdf>
(epstopdf)                    date: 2016-06-17 13:13:32
(epstopdf)                    size: 308659 bytes
(epstopdf)             Command: <repstopdf --outfile=first_page-eps-converted-t
o.pdf first_page.eps>
(epstopdf)             \includegraphics on input line 64.
Package epstopdf Info: Output file is already uptodate.

<first_page-eps-converted-to.pdf, id=15, 1928.20375pt x 1085.05376pt>
File: first_page-eps-converted-to.pdf Graphic file (type pdf)

<use first_page-eps-converted-to.pdf>
Package pdftex.def Info: first_page-eps-converted-to.pdf used on input line 64.

(pdftex.def)             Requested size: 217.35168pt x 122.30334pt.

Overfull \hbox (37.00003pt too wide) in paragraph at lines 59--70
[]
 []

[1 <./first_page-eps-converted-to.pdf>]
Overfull \hbox (16.72873pt too wide) in paragraph at lines 72--75
\T2A/cmr/m/n/10 рый пе-ре-да-ет-ся на-зва-ние фай-ла отоб-ра-же-ния или скрип-т
а(java.script,
 []

LaTeX Font Info:    Try loading font information for T2A+cmtt on input line 75.

(/usr/share/texlive/texmf-dist/tex/latex/cyrillic/t2acmtt.fd
File: t2acmtt.fd 2001/08/11 v1.0a Computer Modern Cyrillic font definitions
)
Overfull \hbox (32.8313pt too wide) in paragraph at lines 93--96
\T2A/cmr/m/sl/10 Принцип дей-ствия: \T2A/cmr/m/n/10 при вы-зо-ве дан-но-го клас
-са, т.е. функ-ции get_or_post
 []

[2]
Overfull \hbox (51.56467pt too wide) in paragraph at lines 149--149
 []        \T2A/cmtt/m/n/9 if (($res = $db->create_profile($new_profile)['user_
create']) > 0)[] 
 []


Overfull \hbox (13.7739pt too wide) in paragraph at lines 149--149
 []            \T2A/cmtt/m/n/9 $this->profile['password'] = $new_profile['passw
ord'];[] 
 []

[3]
Overfull \hbox (13.7739pt too wide) in paragraph at lines 183--183
 []\T2A/cmtt/m/n/9 /*Функция которая получает все строки таблицы, в каждой из к
оторых[] 
 []


Overfull \hbox (23.22159pt too wide) in paragraph at lines 226--226
 []\T2A/cmtt/m/n/9 array("name" => "Главная", "url" => "index.php", "access" =>
 "all"),[] 
 []


Overfull \hbox (27.94543pt too wide) in paragraph at lines 226--226
 []\T2A/cmtt/m/n/9 array("name" => "Вход", "url" => "sign_in.php", "access" => 
"guest"),[] 
 []


Overfull \hbox (4.3262pt too wide) in paragraph at lines 226--226
 []\T2A/cmtt/m/n/9 array("name" => "Выход", "url" => "sign_in.php?function=logo
ut",[] 
 []

[4]
Overfull \hbox (37.39313pt too wide) in paragraph at lines 226--226
 []\T2A/cmtt/m/n/9 array("name" => "Профиль", "url" => "profile.php", "access" 
=> "user"),[] 
 []


Overfull \hbox (89.35544pt too wide) in paragraph at lines 226--226
 []            \T2A/cmtt/m/n/9 $head_str .= "<a href='" . $m['url'] . "'>" . $m
['name'] . "</a><br>";[] 
 []


Overfull \hbox (46.84082pt too wide) in paragraph at lines 226--226
 []            \T2A/cmtt/m/n/9 if ($m['access'] == "user" || ($user->has_rights
("users_upd")[] 
 []


Overfull \hbox (112.97467pt too wide) in paragraph at lines 226--226
 []                \T2A/cmtt/m/n/9 $head_str .= "<a  href='" . $m['url'] . "'>"
 . $m['name'] . "</a><br>";[] 
 []


Overfull \hbox (89.35544pt too wide) in paragraph at lines 226--226
 []            \T2A/cmtt/m/n/9 $head_str .= "<a href='" . $m['url'] . "'>" . $m
['name'] . "</a><br>";[] 
 []


Overfull \hbox (4.3262pt too wide) in paragraph at lines 226--226
 []        \T2A/cmtt/m/n/9 $head_str = substr($head_str, 0, strlen($head_str) -
 4);[] 
 []

Package epstopdf Info: Source file: <menu.eps>
(epstopdf)                    date: 2016-06-17 13:12:16
(epstopdf)                    size: 115300 bytes
(epstopdf)             Output file: <menu-eps-converted-to.pdf>
(epstopdf)                    date: 2016-06-17 13:13:33
(epstopdf)                    size: 29342 bytes
(epstopdf)             Command: <repstopdf --outfile=menu-eps-converted-to.pdf 
menu.eps>
(epstopdf)             \includegraphics on input line 231.
Package epstopdf Info: Output file is already uptodate.
<menu-eps-converted-to.pdf, id=37, 847.165pt x 453.695pt>
File: menu-eps-converted-to.pdf Graphic file (type pdf)

<use menu-eps-converted-to.pdf>
Package pdftex.def Info: menu-eps-converted-to.pdf used on input line 231.
(pdftex.def)             Requested size: 172.5pt x 92.3781pt.

Overfull \hbox (59.00005pt too wide) in paragraph at lines 228--236
[] 
 []


Underfull \hbox (badness 10000) in paragraph at lines 228--236

 []

[5 <./menu-eps-converted-to.pdf>] [6] (./РћС‚С‡РµС‚.aux) ) 
Here is how much of TeX's memory you used:
 3764 strings out of 494820
 49115 string characters out of 3178049
 105568 words of memory out of 3000000
 6888 multiletter control sequences out of 15000+200000
 11496 words of font info for 26 fonts, out of 3000000 for 9000
 198 hyphenation exceptions out of 8191
 37i,13n,43p,1266b,676s stack positions out of 5000i,500n,10000p,200000b,50000s
{/usr/share/texlive/t
exmf-dist/fonts/enc/dvips/cm-super/cm-super-t2a.enc}</usr/share/texlive/texmf-d
ist/fonts/type1/public/amsfonts/cm/cmr10.pfb></usr/share/texlive/texmf-dist/fon
ts/type1/public/amsfonts/cm/cmr12.pfb></usr/share/texlive/texmf-dist/fonts/type
1/public/amsfonts/cm/cmsy10.pfb></usr/share/texlive/texmf-dist/fonts/type1/publ
ic/cm-super/sfbx1000.pfb></usr/share/texlive/texmf-dist/fonts/type1/public/cm-s
uper/sfbx1440.pfb></usr/share/texlive/texmf-dist/fonts/type1/public/cm-super/sf
rm1000.pfb></usr/share/texlive/texmf-dist/fonts/type1/public/cm-super/sfrm1440.
pfb></usr/share/texlive/texmf-dist/fonts/type1/public/cm-super/sfsl1000.pfb></u
sr/share/texlive/texmf-dist/fonts/type1/public/cm-super/sfsl1440.pfb></usr/shar
e/texlive/texmf-dist/fonts/type1/public/cm-super/sfti1000.pfb></usr/share/texli
ve/texmf-dist/fonts/type1/public/cm-super/sftt0900.pfb>
Output written on РћС‚С‡РµС‚.pdf (7 pages, 572308 bytes).
PDF statistics:
 85 PDF objects out of 1000 (max. 8388607)
 58 compressed objects within 1 object stream
 0 named destinations out of 1000 (max. 500000)
 16 words of extra memory for PDF output out of 10000 (max. 10000000)

